1491216909827	geckodriver	INFO	Listening on 127.0.0.1:51144
1491216910389	mozprofile::profile	INFO	Using profile path C:\Users\preddyse\AppData\Local\Temp\rust_mozprofile.82FuNyCZdCck
1491216910404	geckodriver::marionette	INFO	Starting browser C:\Program Files\Mozilla Firefox\firefox.exe with args []
1491216910411	geckodriver::marionette	INFO	Connecting to Marionette on localhost:51148
[ODEBUG] [Explorer Probe] [disableSPDY]#In disableSPDY()[ODEBUG] [Explorer Probe] [disableSPDY]#Trying to get profile path from command line if exists[ODEBUG] [Explorer Probe] [disableSPDY]#Didn't get any profile from command line, get all FireFox profiles from AppData1491216911944	addons.manager	DEBUG	Application has been upgraded
1491216912091	addons.manager	DEBUG	Loaded provider scope for resource://gre/modules/addons/XPIProvider.jsm: ["XPIProvider"]
1491216912095	addons.manager	DEBUG	Loaded provider scope for resource://gre/modules/LightweightThemeManager.jsm: ["LightweightThemeManager"]
1491216912103	addons.manager	DEBUG	Loaded provider scope for resource://gre/modules/addons/GMPProvider.jsm
1491216912106	addons.manager	DEBUG	Loaded provider scope for resource://gre/modules/addons/PluginProvider.jsm
1491216912106	addons.manager	DEBUG	Starting provider: XPIProvider
1491216912107	addons.xpi	DEBUG	startup
1491216912107	addons.xpi	INFO	SystemAddonInstallLocation directory is missing
1491216912109	addons.xpi	INFO	Mapping e10srollout@mozilla.org to C:\Program Files\Mozilla Firefox\browser\features\e10srollout@mozilla.org.xpi
1491216912109	addons.xpi	INFO	Mapping firefox@getpocket.com to C:\Program Files\Mozilla Firefox\browser\features\firefox@getpocket.com.xpi
1491216912109	addons.xpi	INFO	Mapping webcompat@mozilla.org to C:\Program Files\Mozilla Firefox\browser\features\webcompat@mozilla.org.xpi
1491216912110	addons.xpi	INFO	Mapping {972ce4c6-7e08-4474-a285-3208198ce6fd} to C:\Program Files\Mozilla Firefox\browser\extensions\{972ce4c6-7e08-4474-a285-3208198ce6fd}.xpi
1491216912111	addons.xpi	DEBUG	checkForChanges
1491216912111	addons.xpi	DEBUG	Loaded add-on state from prefs: {}
1491216912112	addons.xpi	DEBUG	New add-on e10srollout@mozilla.org in app-system-defaults
1491216912113	addons.xpi	DEBUG	getModTime: Recursive scan of e10srollout@mozilla.org
1491216912113	addons.xpi	DEBUG	New add-on firefox@getpocket.com in app-system-defaults
1491216912113	addons.xpi	DEBUG	getModTime: Recursive scan of firefox@getpocket.com
1491216912114	addons.xpi	DEBUG	New add-on webcompat@mozilla.org in app-system-defaults
1491216912114	addons.xpi	DEBUG	getModTime: Recursive scan of webcompat@mozilla.org
1491216912115	addons.xpi	DEBUG	New add-on {972ce4c6-7e08-4474-a285-3208198ce6fd} in app-global
1491216912115	addons.xpi	DEBUG	getModTime: Recursive scan of {972ce4c6-7e08-4474-a285-3208198ce6fd}
1491216912116	addons.xpi	DEBUG	getInstallState changed: true, state: {"app-system-defaults":{"e10srollout@mozilla.org":{"d":"C:\\Program Files\\Mozilla Firefox\\browser\\features\\e10srollout@mozilla.org.xpi","st":1474576289000},"firefox@getpocket.com":{"d":"C:\\Program Files\\Mozilla Firefox\\browser\\features\\firefox@getpocket.com.xpi","st":1474576289000},"webcompat@mozilla.org":{"d":"C:\\Program Files\\Mozilla Firefox\\browser\\features\\webcompat@mozilla.org.xpi","st":1474576289000}},"app-global":{"{972ce4c6-7e08-4474-a285-3208198ce6fd}":{"d":"C:\\Program Files\\Mozilla Firefox\\browser\\extensions\\{972ce4c6-7e08-4474-a285-3208198ce6fd}.xpi","st":1474576289000}}}
1491216912125	addons.xpi-utils	DEBUG	Opening XPI database C:\Users\preddyse\AppData\Local\Temp\rust_mozprofile.82FuNyCZdCck\extensions.json
1491216912128	addons.xpi-utils	DEBUG	New add-on e10srollout@mozilla.org installed in app-system-defaults
*** Blocklist::_loadBlocklistFromFile: blocklist is disabled
1491216912138	DeferredSave.extensions.json	DEBUG	Save changes
1491216912139	addons.xpi-utils	DEBUG	New add-on firefox@getpocket.com installed in app-system-defaults
1491216912148	DeferredSave.extensions.json	DEBUG	Starting timer
1491216912149	DeferredSave.extensions.json	DEBUG	Save changes
1491216912149	addons.xpi-utils	DEBUG	New add-on webcompat@mozilla.org installed in app-system-defaults
1491216912154	DeferredSave.extensions.json	DEBUG	Save changes
1491216912155	addons.xpi-utils	DEBUG	New add-on {972ce4c6-7e08-4474-a285-3208198ce6fd} installed in app-global
1491216912159	DeferredSave.extensions.json	DEBUG	Save changes
1491216912164	addons.xpi	DEBUG	Loading bootstrap scope from C:\Program Files\Mozilla Firefox\browser\features\e10srollout@mozilla.org.xpi
1491216912175	addons.xpi	DEBUG	Calling bootstrap method install on e10srollout@mozilla.org version 1.2
1491216912176	addons.xpi-utils	DEBUG	Make addon app-system-defaults:e10srollout@mozilla.org visible
1491216912176	DeferredSave.extensions.json	DEBUG	Save changes
1491216912177	addons.xpi	DEBUG	Loading bootstrap scope from C:\Program Files\Mozilla Firefox\browser\features\firefox@getpocket.com.xpi
1491216912181	addons.xpi	DEBUG	Calling bootstrap method install on firefox@getpocket.com version 1.0.4
1491216912181	addons.xpi-utils	DEBUG	Make addon app-system-defaults:firefox@getpocket.com visible
1491216912181	DeferredSave.extensions.json	DEBUG	Save changes
1491216912182	addons.xpi	DEBUG	Loading bootstrap scope from C:\Program Files\Mozilla Firefox\browser\features\webcompat@mozilla.org.xpi
1491216912184	addons.xpi	DEBUG	Calling bootstrap method install on webcompat@mozilla.org version 1.0
1491216912184	addons.xpi-utils	DEBUG	Make addon app-system-defaults:webcompat@mozilla.org visible
1491216912185	DeferredSave.extensions.json	DEBUG	Save changes
1491216912185	addons.xpi-utils	DEBUG	Make addon app-global:{972ce4c6-7e08-4474-a285-3208198ce6fd} visible
1491216912185	DeferredSave.extensions.json	DEBUG	Save changes
1491216912186	addons.xpi	DEBUG	Updating XPIState for {"id":"e10srollout@mozilla.org","syncGUID":"44WLRjs6x-WO","location":"app-system-defaults","version":"1.2","type":"extension","internalName":null,"updateURL":null,"updateKey":null,"optionsURL":null,"optionsType":null,"aboutURL":null,"icons":{},"iconURL":null,"icon64URL":null,"defaultLocale":{"name":"Multi-process staged rollout","description":"Staged rollout of Firefox multi-process feature.","creator":null,"homepageURL":null},"visible":true,"active":true,"userDisabled":false,"appDisabled":false,"descriptor":"C:\\Program Files\\Mozilla Firefox\\browser\\features\\e10srollout@mozilla.org.xpi","installDate":1474576289000,"updateDate":1474576289000,"applyBackgroundUpdates":1,"bootstrap":true,"skinnable":false,"size":5716,"sourceURI":null,"releaseNotesURI":null,"softDisabled":false,"foreignInstall":false,"hasBinaryComponents":false,"strictCompatibility":false,"locales":[],"targetApplications":[{"id":"{ec8030f7-c20a-464f-9b0e-13a3a9e97384}","minVersion":"49.0.1","maxVersion":"49.*"}],"targetPlatforms":[],"multiprocessCompatible":false,"seen":true}
1491216912186	addons.xpi	DEBUG	getModTime: Recursive scan of e10srollout@mozilla.org
1491216912186	addons.xpi	DEBUG	Updating XPIState for {"id":"firefox@getpocket.com","syncGUID":"s9AHIw5mC3gt","location":"app-system-defaults","version":"1.0.4","type":"extension","internalName":null,"updateURL":null,"updateKey":null,"optionsURL":null,"optionsType":null,"aboutURL":null,"icons":{},"iconURL":null,"icon64URL":null,"defaultLocale":{"name":"Pocket","description":"When you find something you want to view later, put it in Pocket.","creator":null,"homepageURL":null},"visible":true,"active":true,"userDisabled":false,"appDisabled":false,"descriptor":"C:\\Program Files\\Mozilla Firefox\\browser\\features\\firefox@getpocket.com.xpi","installDate":1474576289000,"updateDate":1474576289000,"applyBackgroundUpdates":1,"bootstrap":true,"skinnable":false,"size":895234,"sourceURI":null,"releaseNotesURI":null,"softDisabled":false,"foreignInstall":false,"hasBinaryComponents":false,"strictCompatibility":false,"locales":[],"targetApplications":[{"id":"{ec8030f7-c20a-464f-9b0e-13a3a9e97384}","minVersion":"49.0.1","maxVersion":"49.*"}],"targetPlatforms":[],"multiprocessCompatible":false,"seen":true}
1491216912187	addons.xpi	DEBUG	getModTime: Recursive scan of firefox@getpocket.com
1491216912187	addons.xpi	DEBUG	Updating XPIState for {"id":"webcompat@mozilla.org","syncGUID":"M5wLYEatX66u","location":"app-system-defaults","version":"1.0","type":"extension","internalName":null,"updateURL":null,"updateKey":null,"optionsURL":null,"optionsType":null,"aboutURL":null,"icons":{},"iconURL":null,"icon64URL":null,"defaultLocale":{"name":"Web Compat","description":"Urgent post-release fixes for web compatibility.","creator":null,"homepageURL":null},"visible":true,"active":true,"userDisabled":false,"appDisabled":false,"descriptor":"C:\\Program Files\\Mozilla Firefox\\browser\\features\\webcompat@mozilla.org.xpi","installDate":1474576289000,"updateDate":1474576289000,"applyBackgroundUpdates":1,"bootstrap":true,"skinnable":false,"size":1502,"sourceURI":null,"releaseNotesURI":null,"softDisabled":false,"foreignInstall":false,"hasBinaryComponents":false,"strictCompatibility":false,"locales":[],"targetApplications":[{"id":"{ec8030f7-c20a-464f-9b0e-13a3a9e97384}","minVersion":"49.0.1","maxVersion":"49.*"}],"targetPlatforms":[],"multiprocessCompatible":false,"seen":true}
1491216912187	addons.xpi	DEBUG	getModTime: Recursive scan of webcompat@mozilla.org
1491216912188	addons.xpi	DEBUG	Updating XPIState for {"id":"{972ce4c6-7e08-4474-a285-3208198ce6fd}","syncGUID":"qt96iGGQWiVw","location":"app-global","version":"49.0.1","type":"theme","internalName":"classic/1.0","updateURL":null,"updateKey":null,"optionsURL":null,"optionsType":null,"aboutURL":null,"icons":{"32":"icon.png","48":"icon.png"},"iconURL":null,"icon64URL":null,"defaultLocale":{"name":"Default","description":"The default theme.","creator":"Mozilla","homepageURL":null,"contributors":["Mozilla Contributors"]},"visible":true,"active":true,"userDisabled":false,"appDisabled":false,"descriptor":"C:\\Program Files\\Mozilla Firefox\\browser\\extensions\\{972ce4c6-7e08-4474-a285-3208198ce6fd}.xpi","installDate":1474576289000,"updateDate":1474576289000,"applyBackgroundUpdates":1,"skinnable":true,"size":21905,"sourceURI":null,"releaseNotesURI":null,"softDisabled":false,"foreignInstall":false,"hasBinaryComponents":false,"strictCompatibility":true,"locales":[],"targetApplications":[{"id":"{ec8030f7-c20a-464f-9b0e-13a3a9e97384}","minVersion":"49.0.1","maxVersion":"49.0.1"}],"targetPlatforms":[],"seen":true}
1491216912188	addons.xpi	DEBUG	getModTime: Recursive scan of {972ce4c6-7e08-4474-a285-3208198ce6fd}
1491216912189	DeferredSave.extensions.json	DEBUG	Save changes
1491216912189	addons.xpi	DEBUG	Updating database with changes to installed add-ons
1491216912189	addons.xpi-utils	DEBUG	Updating add-on states
1491216912194	addons.xpi-utils	DEBUG	Writing add-ons list
1491216912202	addons.xpi	DEBUG	Registering manifest for C:\Program Files\Mozilla Firefox\browser\features\e10srollout@mozilla.org.xpi
1491216912203	addons.xpi	DEBUG	Calling bootstrap method startup on e10srollout@mozilla.org version 1.2
1491216912203	addons.xpi	DEBUG	Registering manifest for C:\Program Files\Mozilla Firefox\browser\features\firefox@getpocket.com.xpi
1491216912204	addons.xpi	DEBUG	Calling bootstrap method startup on firefox@getpocket.com version 1.0.4
1491216912204	addons.xpi	DEBUG	Registering manifest for C:\Program Files\Mozilla Firefox\browser\features\webcompat@mozilla.org.xpi
1491216912205	addons.xpi	DEBUG	Calling bootstrap method startup on webcompat@mozilla.org version 1.0
1491216912207	addons.manager	DEBUG	Registering shutdown blocker for XPIProvider
1491216912207	addons.manager	DEBUG	Provider finished startup: XPIProvider
1491216912207	addons.manager	DEBUG	Starting provider: LightweightThemeManager
1491216912207	addons.manager	DEBUG	Registering shutdown blocker for LightweightThemeManager
1491216912207	addons.manager	DEBUG	Provider finished startup: LightweightThemeManager
1491216912208	addons.manager	DEBUG	Starting provider: GMPProvider
1491216912216	addons.manager	DEBUG	Registering shutdown blocker for GMPProvider
1491216912216	addons.manager	DEBUG	Provider finished startup: GMPProvider
1491216912216	addons.manager	DEBUG	Starting provider: PluginProvider
1491216912216	addons.manager	DEBUG	Registering shutdown blocker for PluginProvider
1491216912216	addons.manager	DEBUG	Provider finished startup: PluginProvider
1491216912217	addons.manager	DEBUG	Completed startup sequence
1491216912715	Marionette	INFO	Listening on port 51148
1491216914111	addons.manager	DEBUG	Starting provider: <unnamed-provider>
1491216914111	addons.manager	DEBUG	Registering shutdown blocker for <unnamed-provider>
1491216914111	addons.manager	DEBUG	Provider finished startup: <unnamed-provider>
1491216914153	addons.manager	DEBUG	Starting provider: PreviousExperimentProvider
1491216914153	addons.manager	DEBUG	Registering shutdown blocker for PreviousExperimentProvider
1491216914154	addons.manager	DEBUG	Provider finished startup: PreviousExperimentProvider
1491216914160	DeferredSave.extensions.json	DEBUG	Starting write
1491216914577	DeferredSave.extensions.json	DEBUG	Write succeeded
1491216914577	addons.xpi-utils	DEBUG	XPI Database saved, setting schema version preference to 17
1491216914766	Marionette	INFO	startBrowser ae7ac5fd-7a2c-41f2-8e66-208adca0f2aa
[ODEBUG] [Explorer Probe] [disableSPDY]#In disableSPDY()[ODEBUG] [Explorer Probe] [disableSPDY]#Trying to get profile path from command line if exists[ODEBUG] [Explorer Probe] [disableSPDY]#Didn't get any profile from command line, get all FireFox profiles from AppData[Child 8252] WARNING: pipe error: 109: file c:/builds/moz2_slave/m-rel-w64-00000000000000000000/build/src/ipc/chromium/src/chrome/common/ipc_channel_win.cc, line 346
[Child 8252] WARNING: pipe error: 109: file c:/builds/moz2_slave/m-rel-w64-00000000000000000000/build/src/ipc/chromium/src/chrome/common/ipc_channel_win.cc, line 346
1491216923539	addons.xpi	DEBUG	Calling bootstrap method shutdown on e10srollout@mozilla.org version 1.2
1491216923540	addons.xpi	DEBUG	Calling bootstrap method shutdown on firefox@getpocket.com version 1.0.4
1491216923540	addons.xpi	DEBUG	Calling bootstrap method shutdown on webcompat@mozilla.org vers1491216926650	addons.xpi	DEBUG	Calling bootstrap method shutdown on e10srollout@mozilla.org version 1.2
1491216926650	addons.xpi	DEBUG	Calling bootstrap method shutdown on firefox@getpocket.com version 1.0.4
1491216926651	addons.xpi	DEBUG	Calling bootstrap method shutdown on webcompat@mozilla.org version 1.0
1491216926837	addons.manager	DEBUG	shutdown
1491216926837	addons.manager	DEBUG	Calling shutdown blocker for XPIProvider
1491216926838	addons.xpi	DEBUG	shutdown
1491216926838	addons.xpi-utils	DEBUG	shutdown
1491216926839	addons.manager	DEBUG	Calling shutdown blocker for LightweightThemeManager
1491216926839	addons.manager	DEBUG	Calling shutdown blocker for GMPProvider
1491216926841	addons.manager	DEBUG	Calling shutdown blocker for PluginProvider
1491216926842	addons.manager	DEBUG	Calling shutdown blocker for <unnamed-provider>
1491216926844	addons.manager	DEBUG	Calling shutdown blocker for PreviousExperimentProvider
1491216926846	addons.xpi	DEBUG	Notifying XPI shutdown observers
1491216926849	addons.manager	DEBUG	Async provider shutdown done
